# JRE version: OpenJDK Runtime Environment (11.0+28) (build 11+28)
# Java VM: OpenJDK 64-Bit Server VM (11+28, mixed mode, tiered, compressed oops, g1 gc, windows-amd64)
Heap:
 garbage-first heap   total 63488K, used 35037K [0x00000000c3200000, 0x0000000100000000)
  region size 1024K, 10 young (10240K), 3 survivors (3072K)
 Metaspace       used 63432K, capacity 65716K, committed 65920K, reserved 1105920K
  class space    used 8425K, capacity 9281K, committed 9344K, reserved 1048576K
GC Heap History (10 events):
Event: 458.471 GC heap after
{Heap after GC invocations=45 (full 4):
 garbage-first heap   total 63488K, used 24929K [0x00000000c3200000, 0x0000000100000000)
  region size 1024K, 2 young (2048K), 2 survivors (2048K)
 Metaspace       used 63175K, capacity 65451K, committed 65664K, reserved 1105920K
  class space    used 8400K, capacity 9239K, committed 9344K, reserved 1048576K
}
Event: 458.810 GC heap before
{Heap before GC invocations=45 (full 4):
 garbage-first heap   total 63488K, used 49505K [0x00000000c3200000, 0x0000000100000000)
  region size 1024K, 27 young (27648K), 2 survivors (2048K)
 Metaspace       used 63245K, capacity 65497K, committed 65664K, reserved 1105920K
  class space    used 8407K, capacity 9275K, committed 9344K, reserved 1048576K
}
Event: 458.814 GC heap after
{Heap after GC invocations=46 (full 4):
 garbage-first heap   total 63488K, used 25851K [0x00000000c3200000, 0x0000000100000000)
  region size 1024K, 3 young (3072K), 3 survivors (3072K)
 Metaspace       used 63245K, capacity 65497K, committed 65664K, reserved 1105920K
  class space    used 8407K, capacity 9275K, committed 9344K, reserved 1048576K
}
Event: 458.823 GC heap before
{Heap before GC invocations=46 (full 4):
 garbage-first heap   total 63488K, used 49403K [0x00000000c3200000, 0x0000000100000000)
  region size 1024K, 27 young (27648K), 3 survivors (3072K)
 Metaspace       used 63245K, capacity 65497K, committed 65664K, reserved 1105920K
  class space    used 8407K, capacity 9275K, committed 9344K, reserved 1048576K
}
Event: 458.827 GC heap after
{Heap after GC invocations=47 (full 4):
 garbage-first heap   total 63488K, used 25982K [0x00000000c3200000, 0x0000000100000000)
  region size 1024K, 2 young (2048K), 2 survivors (2048K)
 Metaspace       used 63245K, capacity 65497K, committed 65664K, reserved 1105920K
  class space    used 8407K, capacity 9275K, committed 9344K, reserved 1048576K
}
Event: 459.390 GC heap before
{Heap before GC invocations=47 (full 4):
 garbage-first heap   total 63488K, used 49534K [0x00000000c3200000, 0x0000000100000000)
  region size 1024K, 26 young (26624K), 2 survivors (2048K)
 Metaspace       used 63330K, capacity 65631K, committed 65920K, reserved 1105920K
  class space    used 8416K, capacity 9276K, committed 9344K, reserved 1048576K
}
Event: 459.395 GC heap after
{Heap after GC invocations=48 (full 4):
 garbage-first heap   total 63488K, used 27106K [0x00000000c3200000, 0x0000000100000000)
  region size 1024K, 3 young (3072K), 3 survivors (3072K)
 Metaspace       used 63330K, capacity 65631K, committed 65920K, reserved 1105920K
  class space    used 8416K, capacity 9276K, committed 9344K, reserved 1048576K
}
Event: 459.820 GC heap before
{Heap before GC invocations=48 (full 4):
 garbage-first heap   total 63488K, used 50658K [0x00000000c3200000, 0x0000000100000000)
  region size 1024K, 26 young (26624K), 3 survivors (3072K)
 Metaspace       used 63429K, capacity 65710K, committed 65920K, reserved 1105920K
  class space    used 8425K, capacity 9279K, committed 9344K, reserved 1048576K
}
Event: 459.827 GC heap after
{Heap after GC invocations=49 (full 4):
 garbage-first heap   total 63488K, used 28470K [0x00000000c3200000, 0x0000000100000000)
  region size 1024K, 3 young (3072K), 3 survivors (3072K)
 Metaspace       used 63429K, capacity 65710K, committed 65920K, reserved 1105920K
  class space    used 8425K, capacity 9279K, committed 9344K, reserved 1048576K
}
Event: 478.750 GC heap before
{Heap before GC invocations=49 (full 4):
 garbage-first heap   total 63488K, used 34614K [0x00000000c3200000, 0x0000000100000000)
  region size 1024K, 10 young (10240K), 3 survivors (3072K)
 Metaspace       used 63432K, capacity 65716K, committed 65920K, reserved 1105920K
  class space    used 8425K, capacity 9281K, committed 9344K, reserved 1048576K
}

